<?xml version="1.0" encoding="UTF-8"?>
<testsuite xmlns:xsi="http://www.w3.org/2001/XMLSchema-instance" xsi:noNamespaceSchemaLocation="https://maven.apache.org/surefire/maven-surefire-plugin/xsd/surefire-test-report.xsd" version="3.0.2" name="org.example.bank.TestBankAccountApplicationTests" time="14.253" tests="7" errors="0" skipped="0" failures="0">
  <properties>
[...]
</properties>
  <testcase name="testWithdraw" classname="org.example.bank.TestBankAccountApplicationTests" time="0.752">
    <system-out><![CDATA[17:10:36.044 [main] INFO org.springframework.test.context.support.AnnotationConfigContextLoaderUtils -- Could not detect default configuration classes for test class [org.example.bank.TestBankAccountApplicationTests]: TestBankAccountApplicationTests does not declare any static, non-private, non-final, nested classes annotated with @Configuration.
17:10:36.201 [main] INFO org.springframework.boot.test.context.SpringBootTestContextBootstrapper -- Found @SpringBootConfiguration org.example.bank.BankApplication for test class org.example.bank.TestBankAccountApplicationTests

  .   ____          _            __ _ _
 /\\ / ___'_ __ _ _(_)_ __  __ _ \ \ \ \
( ( )\___ | '_ | '_| | '_ \/ _` | \ \ \ \
 \\/  ___)| |_)| | | | | || (_| |  ) ) ) )
  '  |____| .__|_| |_|_| |_\__, | / / / /
 =========|_|==============|___/=/_/_/_/

 :: Spring Boot ::                (v3.4.2)

2025-02-16T17:10:36.859+03:00  INFO 29616 --- [TestBankAccount] [           main] o.e.b.TestBankAccountApplicationTests    : Starting TestBankAccountApplicationTests using Java 22 with PID 29616 (started by sshvets in C:\Users\sshvets\IdeaProjects\TestBankAccount)
2025-02-16T17:10:36.861+03:00  INFO 29616 --- [TestBankAccount] [           main] o.e.b.TestBankAccountApplicationTests    : No active profile set, falling back to 1 default profile: "default"
2025-02-16T17:10:37.832+03:00  INFO 29616 --- [TestBankAccount] [           main] .s.d.r.c.RepositoryConfigurationDelegate : Bootstrapping Spring Data JPA repositories in DEFAULT mode.
2025-02-16T17:10:37.903+03:00  INFO 29616 --- [TestBankAccount] [           main] .s.d.r.c.RepositoryConfigurationDelegate : Finished Spring Data repository scanning in 60 ms. Found 1 JPA repository interface.
2025-02-16T17:10:38.487+03:00  INFO 29616 --- [TestBankAccount] [           main] com.zaxxer.hikari.HikariDataSource       : HikariPool-1 - Starting...
2025-02-16T17:10:38.774+03:00  INFO 29616 --- [TestBankAccount] [           main] com.zaxxer.hikari.pool.HikariPool        : HikariPool-1 - Added connection conn0: url=jdbc:h2:mem:testdb user=SA
2025-02-16T17:10:38.777+03:00  INFO 29616 --- [TestBankAccount] [           main] com.zaxxer.hikari.HikariDataSource       : HikariPool-1 - Start completed.
2025-02-16T17:10:38.862+03:00  INFO 29616 --- [TestBankAccount] [           main] liquibase.database                       : Set default schema name to PUBLIC
2025-02-16T17:10:39.359+03:00  INFO 29616 --- [TestBankAccount] [           main] liquibase.changelog                      : Creating database history table with name: PUBLIC.DATABASECHANGELOG
2025-02-16T17:10:39.489+03:00  INFO 29616 --- [TestBankAccount] [           main] liquibase.changelog                      : Reading from PUBLIC.DATABASECHANGELOG
2025-02-16T17:10:39.544+03:00  INFO 29616 --- [TestBankAccount] [           main] liquibase.lockservice                    : Successfully acquired change log lock
2025-02-16T17:10:39.545+03:00  INFO 29616 --- [TestBankAccount] [           main] liquibase.command                        : Using deploymentId: 9715039545
2025-02-16T17:10:39.547+03:00  INFO 29616 --- [TestBankAccount] [           main] liquibase.changelog                      : Reading from PUBLIC.DATABASECHANGELOG
2025-02-16T17:10:39.562+03:00  INFO 29616 --- [TestBankAccount] [           main] liquibase.ui                             : Running Changeset: db/changelog/001.xml::001::user
2025-02-16T17:10:39.576+03:00  INFO 29616 --- [TestBankAccount] [           main] liquibase.changelog                      : SQL in file 001.sql executed
2025-02-16T17:10:39.578+03:00  INFO 29616 --- [TestBankAccount] [           main] liquibase.changelog                      : ChangeSet db/changelog/001.xml::001::user ran successfully in 14ms
2025-02-16T17:10:39.588+03:00  INFO 29616 --- [TestBankAccount] [           main] liquibase.util                           : UPDATE SUMMARY
2025-02-16T17:10:39.588+03:00  INFO 29616 --- [TestBankAccount] [           main] liquibase.util                           : Run:                          1
2025-02-16T17:10:39.588+03:00  INFO 29616 --- [TestBankAccount] [           main] liquibase.util                           : Previously run:               0
2025-02-16T17:10:39.588+03:00  INFO 29616 --- [TestBankAccount] [           main] liquibase.util                           : Filtered out:                 0
2025-02-16T17:10:39.588+03:00  INFO 29616 --- [TestBankAccount] [           main] liquibase.util                           : -------------------------------
2025-02-16T17:10:39.588+03:00  INFO 29616 --- [TestBankAccount] [           main] liquibase.util                           : Total change sets:            1
2025-02-16T17:10:39.589+03:00  INFO 29616 --- [TestBankAccount] [           main] liquibase.util                           : Update summary generated
2025-02-16T17:10:39.592+03:00  INFO 29616 --- [TestBankAccount] [           main] liquibase.command                        : Update command completed successfully.
2025-02-16T17:10:39.593+03:00  INFO 29616 --- [TestBankAccount] [           main] liquibase.ui                             : Liquibase: Update has been successful. Rows affected: 1
2025-02-16T17:10:39.595+03:00  INFO 29616 --- [TestBankAccount] [           main] liquibase.lockservice                    : Successfully released change log lock
2025-02-16T17:10:39.597+03:00  INFO 29616 --- [TestBankAccount] [           main] liquibase.command                        : Command execution complete
2025-02-16T17:10:39.715+03:00  INFO 29616 --- [TestBankAccount] [           main] o.hibernate.jpa.internal.util.LogHelper  : HHH000204: Processing PersistenceUnitInfo [name: default]
2025-02-16T17:10:39.817+03:00  INFO 29616 --- [TestBankAccount] [           main] org.hibernate.Version                    : HHH000412: Hibernate ORM core version 6.6.5.Final
2025-02-16T17:10:39.870+03:00  INFO 29616 --- [TestBankAccount] [           main] o.h.c.internal.RegionFactoryInitiator    : HHH000026: Second-level cache disabled
2025-02-16T17:10:40.250+03:00  INFO 29616 --- [TestBankAccount] [           main] o.s.o.j.p.SpringPersistenceUnitInfo      : No LoadTimeWeaver setup: ignoring JPA class transformer
2025-02-16T17:10:40.322+03:00  WARN 29616 --- [TestBankAccount] [           main] org.hibernate.orm.deprecation            : HHH90000025: H2Dialect does not need to be specified explicitly using 'hibernate.dialect' (remove the property setting and it will be selected by default)
2025-02-16T17:10:40.340+03:00  INFO 29616 --- [TestBankAccount] [           main] org.hibernate.orm.connections.pooling    : HHH10001005: Database info:
	Database JDBC URL [Connecting through datasource 'HikariDataSource (HikariPool-1)']
	Database driver: undefined/unknown
	Database version: 2.3.232
	Autocommit mode: undefined/unknown
	Isolation level: undefined/unknown
	Minimum pool size: undefined/unknown
	Maximum pool size: undefined/unknown
2025-02-16T17:10:41.091+03:00  INFO 29616 --- [TestBankAccount] [           main] o.h.e.t.j.p.i.JtaPlatformInitiator       : HHH000489: No JTA platform available (set 'hibernate.transaction.jta.platform' to enable JTA platform integration)
2025-02-16T17:10:41.124+03:00  INFO 29616 --- [TestBankAccount] [           main] j.LocalContainerEntityManagerFactoryBean : Initialized JPA EntityManagerFactory for persistence unit 'default'
2025-02-16T17:10:41.435+03:00  INFO 29616 --- [TestBankAccount] [           main] o.s.d.j.r.query.QueryEnhancerFactory     : Hibernate is in classpath; If applicable, HQL parser will be used.
2025-02-16T17:10:42.738+03:00  WARN 29616 --- [TestBankAccount] [           main] JpaBaseConfiguration$JpaWebConfiguration : spring.jpa.open-in-view is enabled by default. Therefore, database queries may be performed during view rendering. Explicitly configure spring.jpa.open-in-view to disable this warning
2025-02-16T17:10:42.794+03:00  INFO 29616 --- [TestBankAccount] [           main] o.s.v.b.OptionalValidatorFactoryBean     : Failed to set up a Bean Validation provider: jakarta.validation.NoProviderFoundException: Unable to create a Configuration, because no Jakarta Bean Validation provider could be found. Add a provider like Hibernate Validator (RI) to your classpath.
2025-02-16T17:10:43.329+03:00  INFO 29616 --- [TestBankAccount] [           main] o.s.b.a.h2.H2ConsoleAutoConfiguration    : H2 console available at '/h2-console'. Database available at 'jdbc:h2:mem:testdb'
2025-02-16T17:10:43.412+03:00  INFO 29616 --- [TestBankAccount] [           main] o.e.b.TestBankAccountApplicationTests    : Started TestBankAccountApplicationTests in 7.006 seconds (process running for 8.301)
]]></system-out>
    <system-err><![CDATA[Mockito is currently self-attaching to enable the inline-mock-maker. This will no longer work in future releases of the JDK. Please add Mockito as an agent to your build what is described in Mockito's documentation: https://javadoc.io/doc/org.mockito/mockito-core/latest/org/mockito/Mockito.html#0.3
WARNING: A Java agent has been loaded dynamically (C:\Users\sshvets\.m2\repository\net\bytebuddy\byte-buddy-agent\1.15.11\byte-buddy-agent-1.15.11.jar)
WARNING: If a serviceability tool is in use, please run with -XX:+EnableDynamicAgentLoading to hide this warning
WARNING: If a serviceability tool is not in use, please run with -Djdk.instrument.traceUsage for more information
WARNING: Dynamic loading of agents will be disallowed by default in a future release
]]></system-err>
  </testcase>
  <testcase name="testFailWithdrawWhenNotEnough" classname="org.example.bank.TestBankAccountApplicationTests" time="0.012"/>
  <testcase name="testDeposit" classname="org.example.bank.TestBankAccountApplicationTests" time="0.008"/>
  <testcase name="testLockWithTenOperationPerThread" classname="org.example.bank.TestBankAccountApplicationTests" time="0.055"/>
  <testcase name="testFailDepositWhenAmountInvalid" classname="org.example.bank.TestBankAccountApplicationTests" time="0.009"/>
  <testcase name="testLockWithTenThousandsOperationPerThread" classname="org.example.bank.TestBankAccountApplicationTests" time="5.786">
    <system-out><![CDATA[2025-02-16T17:10:50.062+03:00  INFO 29616 --- [TestBankAccount] [           main] o.e.b.TestBankAccountApplicationTests    : Expected 29496.822128504282, actual id 29496.82212850435
]]></system-out>
  </testcase>
  <testcase name="testCreateAndGetById" classname="org.example.bank.TestBankAccountApplicationTests" time="0.007">
    <system-out><![CDATA[2025-02-16T17:10:50.070+03:00  INFO 29616 --- [TestBankAccount] [           main] o.e.b.TestBankAccountApplicationTests    : Created id e2a97ff6-e7e3-444d-8591-1f8c51d888bc, found id e2a97ff6-e7e3-444d-8591-1f8c51d888bc
]]></system-out>
  </testcase>
</testsuite>